<?xml version="1.0" encoding="UTF-8"?>
<!-- Generated by org.testng.reporters.JUnitXMLReporter -->
<testsuite ignored="5" hostname="DESKTOP-2VN6A15" failures="0" tests="3" name="Default test" time="5.47" errors="0" timestamp="08 Oct 2021 11:44:05 GMT">
  <testcase classname="day2.PositiveConcactListTest" name="addingContact" time="3.878"/>
  <testcase classname="day2.PositiveConcactListTest" name="updatingContact" time="0.544"/>
  <testcase classname="day2.PositiveConcactListTest" name="getSpecificContact3" time="1.016"/>
  <testcase classname="day2.PositiveConcactListTest" name="getContactListInfo" time="0.0">
    <ignored/>
  </testcase> <!-- getContactListInfo -->
  <testcase classname="day2.PositiveConcactListTest" name="deletingContact" time="0.0">
    <ignored/>
  </testcase> <!-- deletingContact -->
  <testcase classname="day2.PositiveConcactListTest" name="getSpecificContact2" time="0.0">
    <ignored/>
  </testcase> <!-- getSpecificContact2 -->
  <testcase classname="day2.PositiveConcactListTest" name="getSpecificContact4" time="0.0">
    <ignored/>
  </testcase> <!-- getSpecificContact4 -->
  <testcase classname="day2.PositiveConcactListTest" name="getSpecificContact" time="0.0">
    <ignored/>
  </testcase> <!-- getSpecificContact -->
</testsuite> <!-- Default test -->
