<?xml version="1.0" encoding="UTF-8"?>
<testng-results ignored="5" total="8" passed="3" failed="0" skipped="0">
  <reporter-output>
  </reporter-output>
  <suite started-at="2021-10-08T11:44:00Z" name="Default suite" finished-at="2021-10-08T11:44:05Z" duration-ms="5470">
    <groups>
    </groups>
    <test started-at="2021-10-08T11:44:00Z" name="Default test" finished-at="2021-10-08T11:44:05Z" duration-ms="5470">
      <class name="day2.PositiveConcactListTest">
        <test-method signature="addingContact()[pri:0, instance:day2.PositiveConcactListTest@71e693fa]" started-at="2021-10-08T11:44:00Z" name="addingContact" description="Adding specific contact" finished-at="2021-10-08T11:44:04Z" duration-ms="3878" status="PASS">
          <reporter-output>
          </reporter-output>
        </test-method> <!-- addingContact -->
        <test-method signature="updatingContact()[pri:0, instance:day2.PositiveConcactListTest@71e693fa]" started-at="2021-10-08T11:44:04Z" name="updatingContact" description="Updating specific contact" finished-at="2021-10-08T11:44:04Z" depends-on-methods="day2.PositiveConcactListTest.addingContact" duration-ms="544" status="PASS">
          <reporter-output>
          </reporter-output>
        </test-method> <!-- updatingContact -->
        <test-method signature="getSpecificContact3()[pri:0, instance:day2.PositiveConcactListTest@71e693fa]" started-at="2021-10-08T11:44:04Z" name="getSpecificContact3" description="Getting specific contact" finished-at="2021-10-08T11:44:05Z" depends-on-methods="day2.PositiveConcactListTest.updatingContact" duration-ms="1016" status="PASS">
          <reporter-output>
          </reporter-output>
        </test-method> <!-- getSpecificContact3 -->
      </class> <!-- day2.PositiveConcactListTest -->
    </test> <!-- Default test -->
  </suite> <!-- Default suite -->
</testng-results>
